Arguments: 
  C:\Program Files\nodejs\node.exe C:\Users\Poshtiban\AppData\Roaming\npm\node_modules\yarn\bin\yarn.js add nodemon cocurrently

PATH: 
  C:\Program Files\Git\mingw64\bin;C:\Program Files\Git\usr\bin;C:\Users\Poshtiban\bin;C:\Program Files (x86)\Common Files\Intel\Shared Libraries\redist\intel64\compiler;C:\Python38\Scripts;C:\Python38;C:\WINDOWS\system32;C:\WINDOWS;C:\WINDOWS\System32\Wbem;C:\WINDOWS\System32\WindowsPowerShell\v1.0;C:\Program Files\Microsoft SQL Server\Client SDK\ODBC\170\Tools\Binn;C:\Program Files\Git\cmd;C:\WINDOWS\System32\OpenSSH;C:\ProgramData\chocolatey\bin;C:\Go\bin;C:\Program Files\nodejs;C:\Program Files\JetBrains\PhpStorm 2020.1\bin;C:\Users\Poshtiban\AppData\Local\Microsoft\WindowsApps;C:\Program Files\JetBrains\WebStorm 2020.1\bin;C:\Users\Poshtiban\AppData\Local\Programs\Microsoft VS Code Insiders\bin;C:\Program Files\JetBrains\RubyMine 2020.1\bin;C:\Program Files\JetBrains\PhpStorm 2020.1\bin;C:\Users\Poshtiban\go\bin;C:\Users\Poshtiban\AppData\Local\GitHubDesktop\bin;C:\Users\Poshtiban\AppData\Roaming\npm;C:\Program Files\heroku\bin

Yarn version: 
  1.22.10

Node version: 
  14.15.4

Platform: 
  win32 x64

Trace: 
  Error: https://registry.yarnpkg.com/cocurrently: Not found
      at Request.params.callback [as _callback] (C:\Users\Poshtiban\AppData\Roaming\npm\node_modules\yarn\lib\cli.js:66988:18)
      at Request.self.callback (C:\Users\Poshtiban\AppData\Roaming\npm\node_modules\yarn\lib\cli.js:140662:22)
      at Request.emit (events.js:315:20)
      at Request.<anonymous> (C:\Users\Poshtiban\AppData\Roaming\npm\node_modules\yarn\lib\cli.js:141634:10)
      at Request.emit (events.js:315:20)
      at IncomingMessage.<anonymous> (C:\Users\Poshtiban\AppData\Roaming\npm\node_modules\yarn\lib\cli.js:141556:12)
      at Object.onceWrapper (events.js:421:28)
      at IncomingMessage.emit (events.js:327:22)
      at endReadableNT (internal/streams/readable.js:1327:12)
      at processTicksAndRejections (internal/process/task_queues.js:80:21)

npm manifest: 
  {
    "name": "sort",
    "version": "1.0.0",
    "main": "index.js",
    "author": "NimaPoshtiban",
    "license": "MIT"
  }

yarn manifest: 
  No manifest

Lockfile: 
  No lockfile
